<?xml version="1.0" encoding="utf-8"?><testsuites><testsuite name="pytest" errors="0" failures="0" skipped="0" tests="3" time="0.067" timestamp="2026-05-25T10:57:19.664843+00:00" hostname="core-node"><testcase classname="tests.load.test_load_validation" name="test_load_report_exists" time="0.032" /><testcase classname="tests.load.test_load_validation" name="test_throughput_positive" time="0.001" /><testcase classname="tests.load.test_load_validation" name="test_iterations_completed" time="0.001" /></testsuite></testsuites>
