<?xml version="1.0" encoding="utf-8"?><testsuites><testsuite name="pytest" errors="0" failures="0" skipped="0" tests="4" time="0.127" timestamp="2026-05-25T10:57:14.278189+00:00" hostname="core-node"><testcase classname="tests.replay.test_replay_output" name="test_replay_output_exists" time="0.031" /><testcase classname="tests.replay.test_replay_output" name="test_replay_output_not_empty" time="0.001" /><testcase classname="tests.replay.test_replay_output" name="test_replay_output_structure" time="0.000" /><testcase classname="tests.determinism.test_replay_determinism" name="test_replay_determinism" time="0.058" /></testsuite></testsuites>
