<?xml version="1.0" encoding="utf-8"?><testsuites><testsuite name="pytest" errors="0" failures="0" skipped="0" tests="3" time="0.080" timestamp="2026-05-25T10:57:12.367543+00:00" hostname="core-node"><testcase classname="tests.schemas.compatibility.test_schema_compatibility" name="test_schema_compatibility_placeholder" time="0.031" /><testcase classname="tests.schemas.test_market_tick_schema" name="test_market_tick_valid_schema" time="0.001" /><testcase classname="tests.schemas.test_market_tick_schema" name="test_market_tick_invalid_schema" time="0.001" /></testsuite></testsuites>
