<?xml version="1.0" encoding="utf-8"?><testsuites><testsuite name="pytest" errors="0" failures="0" skipped="0" tests="4" time="0.325" timestamp="2026-05-25T10:57:13.574046+00:00" hostname="core-node"><testcase classname="tests.integration.test_mock_broker" name="test_mock_broker_order_fill" time="0.189" /><testcase classname="tests.synthetic.test_synthetic_market_generation" name="test_synthetic_market_exists" time="0.001" /><testcase classname="tests.synthetic.test_synthetic_market_generation" name="test_synthetic_market_not_empty" time="0.001" /><testcase classname="tests.synthetic.test_synthetic_market_generation" name="test_synthetic_market_structure" time="0.002" /></testsuite></testsuites>
